<?xml version="1.0" encoding="UTF-8"?>
<testng-results ignored="0" total="1" passed="1" failed="0" skipped="0">
  <reporter-output>
  </reporter-output>
  <suite started-at="2023-01-03T13:27:28 IST" name="Default suite" finished-at="2023-01-03T13:28:26 IST" duration-ms="57989">
    <groups>
    </groups>
    <test started-at="2023-01-03T13:27:28 IST" name="Default test" finished-at="2023-01-03T13:28:26 IST" duration-ms="57989">
      <class name="Com.BankingTestCases.Banking_LoginTestCases">
        <test-method is-config="true" signature="initialization()[pri:0, instance:Com.BankingTestCases.Banking_LoginTestCases@169e6180]" started-at="2023-01-03T13:27:28 IST" name="initialization" finished-at="2023-01-03T13:27:54 IST" duration-ms="26176" status="PASS">
          <reporter-output>
          </reporter-output>
        </test-method> <!-- initialization -->
        <test-method signature="LoginTest()[pri:0, instance:Com.BankingTestCases.Banking_LoginTestCases@169e6180]" started-at="2023-01-03T13:27:54 IST" name="LoginTest" finished-at="2023-01-03T13:27:57 IST" duration-ms="2849" status="PASS">
          <reporter-output>
          </reporter-output>
        </test-method> <!-- LoginTest -->
        <test-method is-config="true" signature="TearDown()[pri:0, instance:Com.BankingTestCases.Banking_LoginTestCases@169e6180]" started-at="2023-01-03T13:27:57 IST" name="TearDown" finished-at="2023-01-03T13:28:26 IST" duration-ms="28910" status="PASS">
          <reporter-output>
          </reporter-output>
        </test-method> <!-- TearDown -->
      </class> <!-- Com.BankingTestCases.Banking_LoginTestCases -->
    </test> <!-- Default test -->
  </suite> <!-- Default suite -->
</testng-results>
